Assembler report for skeleton
<<<<<<< HEAD
Fri Dec 09 16:54:43 2022
=======
Fri Dec 09 16:38:11 2022
>>>>>>> d5cdb7e90c63fb62db73cf8539fc2d9118e0926e
Quartus Prime Version 17.0.0 Build 595 04/25/2017 SJ Lite Edition


---------------------
; Table of Contents ;
---------------------
  1. Legal Notice
  2. Assembler Summary
  3. Assembler Settings
  4. Assembler Generated Files
  5. Assembler Device Options: C:/Users/13902/Desktop/550D/Projects/recitation/test/PS2_skeleton_restored/output_files/skeleton.sof
  6. Assembler Messages



----------------
; Legal Notice ;
----------------
Copyright (C) 2017  Intel Corporation. All rights reserved.
Your use of Intel Corporation's design tools, logic functions 
and other software and tools, and its AMPP partner logic 
functions, and any output files from any of the foregoing 
(including device programming or simulation files), and any 
associated documentation or information are expressly subject 
to the terms and conditions of the Intel Program License 
Subscription Agreement, the Intel Quartus Prime License Agreement,
the Intel MegaCore Function License Agreement, or other 
applicable license agreement, including, without limitation, 
that your use is for the sole purpose of programming logic 
devices manufactured by Intel and sold by Intel or its 
authorized distributors.  Please refer to the applicable 
agreement for further details.



+---------------------------------------------------------------+
; Assembler Summary                                             ;
+-----------------------+---------------------------------------+
<<<<<<< HEAD
; Assembler Status      ; Successful - Fri Dec 09 16:54:43 2022 ;
=======
; Assembler Status      ; Successful - Fri Dec 09 16:38:11 2022 ;
>>>>>>> d5cdb7e90c63fb62db73cf8539fc2d9118e0926e
; Revision Name         ; skeleton                              ;
; Top-level Entity Name ; skeleton                              ;
; Family                ; Cyclone IV E                          ;
; Device                ; EP4CE115F29C7                         ;
+-----------------------+---------------------------------------+


+----------------------------------+
; Assembler Settings               ;
+--------+---------+---------------+
; Option ; Setting ; Default Value ;
+--------+---------+---------------+


+------------------------------------------------------------------------------------------------------+
; Assembler Generated Files                                                                            ;
+------------------------------------------------------------------------------------------------------+
; File Name                                                                                            ;
+------------------------------------------------------------------------------------------------------+
; C:/Users/13902/Desktop/550D/Projects/recitation/test/PS2_skeleton_restored/output_files/skeleton.sof ;
+------------------------------------------------------------------------------------------------------+


<<<<<<< HEAD
+--------------------------------------------------------------------------------------------------------------------------------+
; Assembler Device Options: C:/Users/13902/Desktop/550D/Projects/recitation/test/PS2_skeleton_restored/output_files/skeleton.sof ;
+----------------+---------------------------------------------------------------------------------------------------------------+
; Option         ; Setting                                                                                                       ;
+----------------+---------------------------------------------------------------------------------------------------------------+
; JTAG usercode  ; 0x00793F33                                                                                                    ;
; Checksum       ; 0x00793F33                                                                                                    ;
+----------------+---------------------------------------------------------------------------------------------------------------+
=======
+-----------------------------------------------------------------------------------------+
; Assembler Device Options: C:/Users/Owner/Documents/FlappyBird/output_files/skeleton.sof ;
+----------------+------------------------------------------------------------------------+
; Option         ; Setting                                                                ;
+----------------+------------------------------------------------------------------------+
; JTAG usercode  ; 0x01A3DBFA                                                             ;
; Checksum       ; 0x01A3DBFA                                                             ;
+----------------+------------------------------------------------------------------------+
>>>>>>> d5cdb7e90c63fb62db73cf8539fc2d9118e0926e


+--------------------+
; Assembler Messages ;
+--------------------+
Info: *******************************************************************
Info: Running Quartus Prime Assembler
    Info: Version 17.0.0 Build 595 04/25/2017 SJ Lite Edition
<<<<<<< HEAD
    Info: Processing started: Fri Dec 09 16:54:35 2022
=======
    Info: Processing started: Fri Dec 09 16:38:00 2022
>>>>>>> d5cdb7e90c63fb62db73cf8539fc2d9118e0926e
Info: Command: quartus_asm --read_settings_files=off --write_settings_files=off skeleton -c skeleton
Warning (18236): Number of processors has not been specified which may cause overloading on shared machines.  Set the global assignment NUM_PARALLEL_PROCESSORS in your QSF to an appropriate value for best performance.
Info (115031): Writing out detailed assembly data for power analysis
Info (115030): Assembler is generating device programming files
Info: Quartus Prime Assembler was successful. 0 errors, 1 warning
<<<<<<< HEAD
    Info: Peak virtual memory: 4711 megabytes
    Info: Processing ended: Fri Dec 09 16:54:43 2022
    Info: Elapsed time: 00:00:08
    Info: Total CPU time (on all processors): 00:00:06
=======
    Info: Peak virtual memory: 4712 megabytes
    Info: Processing ended: Fri Dec 09 16:38:11 2022
    Info: Elapsed time: 00:00:11
    Info: Total CPU time (on all processors): 00:00:11
>>>>>>> d5cdb7e90c63fb62db73cf8539fc2d9118e0926e


